-9015
42 20 90
94 21 78
20 32 75
2 62 74
46 34 72
66 4 67
52 23 66
30 44 66
21 68 62
60 84 60
98 82 58
74 1 57
97 83 56
23 64 55
11 54 55
96 59 54
79 77 53
60 93 53
29 46 53
51 47 53
28 78 52
25 71 52
89 83 51
12 53 51
29 64 51
20 61 50
0 40 50
89 53 50
8 23 49
67 34 48
43 62 46
29 90 46
75 77 45
19 25 45
75 43 45
37 61 45
58 28 44
5 21 44
80 11 43
89 63 43
63 72 43
61 83 41
14 26 40
89 22 40
62 71 40
33 39 39
19 12 38
37 50 38
66 46 37
3 77 36
0 43 36
21 34 36
24 34 36
46 3 35
26 65 35
81 26 35
39 82 35
8 74 35
52 46 35
83 78 33
84 78 32
86 42 32
28 84 32
7 4 31
5 64 31
63 86 31
89 32 30
96 40 30
81 90 30
39 78 30
36 84 29
39 64 29
54 76 28
40 22 28
60 49 26
92 99 26
31 42 25
96 25 25
13 55 24
75 6 24
68 34 22
64 95 22
27 20 21
37 40 21
79 46 20
98 25 20
97 39 20
94 16 19
92 61 19
50 15 19
89 92 19
91 73 19
24 78 17
99 68 17
70 83 17
59 68 16
58 81 16
73 72 16
57 93 15
67 4 15
28 34 14
13 64 14
48 76 14
12 64 14
63 3 12
97 11 12
10 94 11
89 54 11
35 61 11
53 82 11
37 87 10
40 64 10
4 61 10
59 11 8
58 23 8
0 21 8
2 64 7
94 83 7
12 22 7
23 95 7
58 50 7
57 59 7
89 12 6
38 20 6
19 81 5
2 15 5
92 95 4
16 99 4
40 26 3
12 56 2
41 34 2
12 24 2
21 25 2
98 44 2
50 72 1
31 2 0
21 41 0
74 76 -2
97 56 -3
12 2 -3
47 20 -3
75 40 -3
58 93 -3
57 52 -3
16 61 -3
2 18 -4
75 24 -4
17 39 -4
75 84 -5
66 55 -6
3 67 -6
73 64 -6
17 54 -7
99 61 -7
12 48 -8
86 99 -8
79 25 -9
89 64 -10
8 51 -10
56 61 -10
0 20 -12
13 76 -12
23 69 -12
91 52 -13
37 44 -14
22 82 -14
5 70 -16
88 63 -16
79 87 -17
18 28 -17
37 59 -18
0 16 -19
7 28 -19
31 26 -20
46 35 -20
37 27 -21
4 69 -21
13 19 -21
33 35 -22
80 97 -22
56 22 -22
0 27 -23
36 30 -23
74 32 -23
35 72 -23
89 98 -24
17 56 -24
33 72 -25
92 81 -25
95 69 -25
43 49 -25
10 99 -25
17 95 -25
3 65 -25
80 54 -26
19 55 -26
38 30 -26
23 15 -27
23 72 -27
47 62 -28
54 22 -28
86 71 -29
98 24 -30
48 15 -30
50 35 -31
53 68 -32
93 85 -32
56 84 -32
55 35 -32
16 25 -33
18 24 -33
57 74 -33
4 1 -34
13 50 -34
20 64 -34
18 34 -35
97 2 -36
30 35 -36
21 56 -37
94 55 -37
6 35 -38
58 2 -38
74 56 -38
39 76 -38
59 76 -38
91 48 -39
47 56 -39
41 39 -39
58 6 -40
48 90 -40
92 2 -40
2 95 -41
29 26 -42
75 95 -43
6 14 -43
49 34 -44
89 84 -44
50 26 -44
17 55 -45
79 3 -46
81 65 -46
97 35 -47
2 27 -49
36 72 -49
0 12 -50
52 97 -50
67 84 -51
95 22 -51
19 47 -51
17 28 -52
14 54 -52
12 71 -52
15 53 -52
18 83 -53
52 22 -53
43 67 -54
0 63 -54
30 84 -55
59 24 -55
40 4 -56
40 69 -56
14 1 -56
79 30 -57
47 82 -57
20 69 -57
56 95 -57
45 95 -57
30 45 -58
92 55 -59
85 3 -59
38 85 -59
9 77 -59
35 34 -60
6 56 -60
70 77 -60
50 46 -61
62 95 -61
99 67 -61
78 22 -61
36 83 -61
97 54 -62
79 71 -62
52 86 -62
43 84 -63
19 7 -63
91 76 -64
31 84 -64
66 49 -65
85 46 -65
29 99 -66
20 54 -66
2 42 -66
35 64 -67
63 66 -68
16 97 -69
7 65 -70
59 28 -70
53 65 -70
60 86 -70
94 64 -71
14 30 -72
51 98 -72
10 88 -73
48 53 -74
58 10 -74
88 97 -74
96 78 -74
94 39 -74
61 71 -74
15 72 -75
61 25 -75
57 41 -75
80 66 -75
21 32 -75
50 70 -76
60 63 -77
10 90 -77
31 12 -77
6 1 -77
21 47 -78
59 20 -78
90 22 -78
94 24 -79
2 49 -79
96 42 -80
87 81 -80
75 69 -80
89 4 -80
93 4 -81
88 55 -82
93 24 -83
18 95 -83
23 56 -84
79 51 -84
66 9 -84
23 25 -84
96 46 -84
80 68 -84
21 84 -85
50 76 -85
27 55 -85
67 49 -86
46 84 -86
79 26 -86
85 86 -87
6 64 -87
6 77 -87
40 76 -88
88 78 -88
75 44 -88
93 3 -89
23 82 -89
36 54 -89
10 12 -89
0 83 -89
16 39 -90
21 72 -91
42 72 -91
85 69 -91
72 69 -91
90 32 -92
59 48 -92
50 66 -92
20 82 -93
16 1 -93
52 48 -93
97 27 -93
40 41 -93
73 25 -93
16 30 -94
94 74 -94
35 22 -96
57 97 -96
51 6 -96
87 88 -96
43 65 -97
61 49 -97
50 83 -98
16 51 -98
96 88 -98
91 3 -99
37 45 -99
87 1 -100
47 78 -100
